{"numTotalTestSuites":16,"numPassedTestSuites":16,"numFailedTestSuites":0,"numPendingTestSuites":0,"numTotalTests":44,"numPassedTests":39,"numFailedTests":0,"numPendingTests":5,"numTodoTests":0,"snapshot":{"added":0,"failure":false,"filesAdded":0,"filesRemoved":0,"filesRemovedList":[],"filesUnmatched":0,"filesUpdated":0,"matched":0,"total":0,"unchecked":0,"uncheckedKeysByFile":[],"unmatched":0,"updated":0,"didUpdate":false},"startTime":1779597255431,"success":true,"testResults":[{"assertionResults":[{"ancestorTitles":["StatusBadge"],"fullName":"StatusBadge renders Posted badge with badge-posted class","status":"passed","title":"renders Posted badge with badge-posted class","duration":23.604299999999057,"failureMessages":[],"meta":{}},{"ancestorTitles":["StatusBadge"],"fullName":"StatusBadge renders Unposted badge with badge-unposted class","status":"passed","title":"renders Unposted badge with badge-unposted class","duration":2.2440000000005966,"failureMessages":[],"meta":{}},{"ancestorTitles":["BalanceFooter"],"fullName":"BalanceFooter shows $0.00 difference when balanced and does NOT carry the unbalanced class","status":"passed","title":"shows $0.00 difference when balanced and does NOT carry the unbalanced class","duration":6.788399999999456,"failureMessages":[],"meta":{}},{"ancestorTitles":["BalanceFooter"],"fullName":"BalanceFooter shows non-zero difference + unbalanced class when debits !== credits","status":"passed","title":"shows non-zero difference + unbalanced class when debits !== credits","duration":5.112100000000282,"failureMessages":[],"meta":{}},{"ancestorTitles":["RecordNavToolbar"],"fullName":"RecordNavToolbar disables First/Previous when isFirst=true (default boundary state)","status":"passed","title":"disables First/Previous when isFirst=true (default boundary state)","duration":18.16949999999997,"failureMessages":[],"meta":{}},{"ancestorTitles":["LineItemsGrid (read-only)"],"fullName":"LineItemsGrid (read-only) renders one row per line with role=grid and scope=col headers","status":"passed","title":"renders one row per line with role=grid and scope=col headers","duration":48.021200000001045,"failureMessages":[],"meta":{}},{"ancestorTitles":["CompanySelect"],"fullName":"CompanySelect renders options as \"{id} - {name}\" format","status":"passed","title":"renders options as \"{id} - {name}\" format","duration":16.860900000001493,"failureMessages":[],"meta":{}},{"ancestorTitles":["CompanySelect"],"fullName":"CompanySelect is disabled when disabled prop is true","status":"passed","title":"is disabled when disabled prop is true","duration":4.699300000000221,"failureMessages":[],"meta":{}},{"ancestorTitles":["RoutesPage"],"fullName":"RoutesPage reports zero drift between ROUTE_INVENTORY and routes.tsx","status":"passed","title":"reports zero drift between ROUTE_INVENTORY and routes.tsx","duration":11.444000000001324,"failureMessages":[],"meta":{}}],"startTime":1779597268331,"endTime":1779597268468.444,"status":"passed","message":"","name":"C:/DIPANKAR/WORK/00-Projects/00-Fiserv/00-Architecture/09-pocs/00-poc-4-prologue-client/app/frontend/src/test/smoke.test.tsx"},{"assertionResults":[{"ancestorTitles":["RC-001 Navigation Menu"],"fullName":"RC-001 Navigation Menu TC-FE-001: renders all top-level sections; active item has nav-item--active class","status":"passed","title":"TC-FE-001: renders all top-level sections; active item has nav-item--active class","duration":2.623199999999997,"failureMessages":[],"meta":{}},{"ancestorTitles":["RC-001 Navigation Menu"],"fullName":"RC-001 Navigation Menu TC-FE-002: alert dot appears when alertState=\"dot\"; absent when alertState=\"none\"","status":"passed","title":"TC-FE-002: alert dot appears when alertState=\"dot\"; absent when alertState=\"none\"","duration":0.5072000000000116,"failureMessages":[],"meta":{}},{"ancestorTitles":["RC-001 Navigation Menu"],"fullName":"RC-001 Navigation Menu TC-FE-003: section expands on click; sub-items visible; collapses on second click; expand < 200ms","status":"skipped","title":"TC-FE-003: section expands on click; sub-items visible; collapses on second click; expand < 200ms","failureMessages":[],"meta":{}},{"ancestorTitles":["RC-001 Navigation Menu"],"fullName":"RC-001 Navigation Menu TC-FE-004: all nav items keyboard-reachable; active item has aria-current=\"page\"; zero axe violations","status":"passed","title":"TC-FE-004: all nav items keyboard-reachable; active item has aria-current=\"page\"; zero axe violations","duration":0.57129999999961,"failureMessages":[],"meta":{}},{"ancestorTitles":["RC-002 View Journal Entry Header"],"fullName":"RC-002 View Journal Entry Header TC-FE-005: all 16 fields rendered; optional empty fields shown (not hidden)","status":"passed","title":"TC-FE-005: all 16 fields rendered; optional empty fields shown (not hidden)","duration":0.42770000000018626,"failureMessages":[],"meta":{}},{"ancestorTitles":["RC-002 View Journal Entry Header"],"fullName":"RC-002 View Journal Entry Header TC-FE-006: unposted -> amber badge + empty post fields; posted -> green badge + populated post fields","status":"passed","title":"TC-FE-006: unposted -> amber badge + empty post fields; posted -> green badge + populated post fields","duration":0.5596999999997934,"failureMessages":[],"meta":{}},{"ancestorTitles":["RC-002 View Journal Entry Header"],"fullName":"RC-002 View Journal Entry Header TC-FE-007: all read-only field labels associated via accessible markup; zero axe violations","status":"passed","title":"TC-FE-007: all read-only field labels associated via accessible markup; zero axe violations","duration":0.4403999999994994,"failureMessages":[],"meta":{}},{"ancestorTitles":["RC-002 View Journal Entry Header"],"fullName":"RC-002 View Journal Entry Header TC-FE-008: unposted badge pixel-matches amber baseline; posted badge pixel-matches green baseline","status":"skipped","title":"TC-FE-008: unposted badge pixel-matches amber baseline; posted badge pixel-matches green baseline","failureMessages":[],"meta":{}},{"ancestorTitles":["RC-003 Create and Edit Journal Entry Header"],"fullName":"RC-003 Create and Edit Journal Entry Header TC-FE-009: submit with empty required fields shows inline errors; save blocked","status":"passed","title":"TC-FE-009: submit with empty required fields shows inline errors; save blocked","duration":0.16669999999976426,"failureMessages":[],"meta":{}},{"ancestorTitles":["RC-003 Create and Edit Journal Entry Header"],"fullName":"RC-003 Create and Edit Journal Entry Header TC-FE-010: CompanyIdSelect disabled in edit mode; all fields read-only when status=Posted","status":"passed","title":"TC-FE-010: CompanyIdSelect disabled in edit mode; all fields read-only when status=Posted","duration":0.10050000000046566,"failureMessages":[],"meta":{}},{"ancestorTitles":["RC-003 Create and Edit Journal Entry Header"],"fullName":"RC-003 Create and Edit Journal Entry Header TC-FE-011: save form calls POST /journal-entries; callback receives journalId from response","status":"passed","title":"TC-FE-011: save form calls POST /journal-entries; callback receives journalId from response","duration":0.22819999999956053,"failureMessages":[],"meta":{}},{"ancestorTitles":["RC-003 Create and Edit Journal Entry Header"],"fullName":"RC-003 Create and Edit Journal Entry Header TC-FE-012: full create JE e2e flow - fill form, save, see journalNumber + Unposted status","status":"skipped","title":"TC-FE-012: full create JE e2e flow - fill form, save, see journalNumber + Unposted status","failureMessages":[],"meta":{}},{"ancestorTitles":["RC-003 Create and Edit Journal Entry Header"],"fullName":"RC-003 Create and Edit Journal Entry Header TC-FE-013: inline errors linked via aria-describedby; focus moves to first error field; zero axe violations","status":"passed","title":"TC-FE-013: inline errors linked via aria-describedby; focus moves to first error field; zero axe violations","duration":0.1489000000001397,"failureMessages":[],"meta":{}},{"ancestorTitles":["RC-004 Journal Entry Line Items"],"fullName":"RC-004 Journal Entry Line Items TC-FE-014: valid account code blur auto-populates accountDescription from GET /accounts/{code}","status":"passed","title":"TC-FE-014: valid account code blur auto-populates accountDescription from GET /accounts/{code}","duration":0.0941000000002532,"failureMessages":[],"meta":{}},{"ancestorTitles":["RC-004 Journal Entry Line Items"],"fullName":"RC-004 Journal Entry Line Items TC-FE-015: debit > 0 dims credit (opacity:0.5, pointer-events:none); credit > 0 dims debit; both 0 -> neither dimmed","status":"passed","title":"TC-FE-015: debit > 0 dims credit (opacity:0.5, pointer-events:none); credit > 0 dims debit; both 0 -> neither dimmed","duration":0.07109999999920547,"failureMessages":[],"meta":{}},{"ancestorTitles":["RC-004 Journal Entry Line Items"],"fullName":"RC-004 Journal Entry Line Items TC-FE-016: add row appends row with next lineNumber; delete row removes it from grid","status":"passed","title":"TC-FE-016: add row appends row with next lineNumber; delete row removes it from grid","duration":0.116199999998571,"failureMessages":[],"meta":{}},{"ancestorTitles":["RC-004 Journal Entry Line Items"],"fullName":"RC-004 Journal Entry Line Items TC-FE-017: account lookup populates description in < 500ms (MSW with 400ms delay)","status":"skipped","title":"TC-FE-017: account lookup populates description in < 500ms (MSW with 400ms delay)","failureMessages":[],"meta":{}},{"ancestorTitles":["RC-004 Journal Entry Line Items"],"fullName":"RC-004 Journal Entry Line Items TC-FE-018: grid has role=\"grid\"; th elements have scope=\"col\"; zero axe violations","status":"passed","title":"TC-FE-018: grid has role=\"grid\"; th elements have scope=\"col\"; zero axe violations","duration":0.07790000000022701,"failureMessages":[],"meta":{}},{"ancestorTitles":["RC-005 Balance Validation Display"],"fullName":"RC-005 Balance Validation Display TC-FE-019: adding debit line updates Total Debit immediately without save","status":"passed","title":"TC-FE-019: adding debit line updates Total Debit immediately without save","duration":0.07250000000021828,"failureMessages":[],"meta":{}},{"ancestorTitles":["RC-005 Balance Validation Display"],"fullName":"RC-005 Balance Validation Display TC-FE-020: balanced (debits=credits) -> difference $0.00; no unbalanced class","status":"passed","title":"TC-FE-020: balanced (debits=credits) -> difference $0.00; no unbalanced class","duration":0.06610000000000582,"failureMessages":[],"meta":{}},{"ancestorTitles":["RC-005 Balance Validation Display"],"fullName":"RC-005 Balance Validation Display TC-FE-021: unbalanced (debits!=credits) -> difference shows non-zero + unbalanced class applied","status":"passed","title":"TC-FE-021: unbalanced (debits!=credits) -> difference shows non-zero + unbalanced class applied","duration":0.06089999999858264,"failureMessages":[],"meta":{}},{"ancestorTitles":["RC-005 Balance Validation Display"],"fullName":"RC-005 Balance Validation Display TC-FE-022: recalculation completes in < 100ms with 50 lines (performance NFR)","status":"skipped","title":"TC-FE-022: recalculation completes in < 100ms with 50 lines (performance NFR)","failureMessages":[],"meta":{}},{"ancestorTitles":["RC-005 Balance Validation Display"],"fullName":"RC-005 Balance Validation Display TC-FE-023: difference row has aria-live=\"polite\"; sr-only \"unbalanced\" text present when unbalanced","status":"passed","title":"TC-FE-023: difference row has aria-live=\"polite\"; sr-only \"unbalanced\" text present when unbalanced","duration":0.07960000000093714,"failureMessages":[],"meta":{}},{"ancestorTitles":["RC-006 Journal Entry Status and Audit Trail"],"fullName":"RC-006 Journal Entry Status and Audit Trail TC-FE-023b: PostEntryButton disabled when isBalanced=false; click does not trigger onPost","status":"passed","title":"TC-FE-023b: PostEntryButton disabled when isBalanced=false; click does not trigger onPost","duration":0.09050000000024738,"failureMessages":[],"meta":{}},{"ancestorTitles":["RC-006 Journal Entry Status and Audit Trail"],"fullName":"RC-006 Journal Entry Status and Audit Trail TC-FE-024: PostEntryButton hidden when status=\"Posted\"; not in DOM","status":"passed","title":"TC-FE-024: PostEntryButton hidden when status=\"Posted\"; not in DOM","duration":0.10649999999986903,"failureMessages":[],"meta":{}},{"ancestorTitles":["RC-006 Journal Entry Status and Audit Trail"],"fullName":"RC-006 Journal Entry Status and Audit Trail TC-FE-025: audit fields (4) are read-only; typing does not change their values","status":"passed","title":"TC-FE-025: audit fields (4) are read-only; typing does not change their values","duration":0.06259999999929278,"failureMessages":[],"meta":{}},{"ancestorTitles":["RC-006 Journal Entry Status and Audit Trail"],"fullName":"RC-006 Journal Entry Status and Audit Trail TC-FE-026: click Post -> POST /journal-entries/1/post -> status becomes \"Posted\"; PostEntryButton removed","status":"passed","title":"TC-FE-026: click Post -> POST /journal-entries/1/post -> status becomes \"Posted\"; PostEntryButton removed","duration":0.05949999999938882,"failureMessages":[],"meta":{}},{"ancestorTitles":["RC-006 Journal Entry Status and Audit Trail"],"fullName":"RC-006 Journal Entry Status and Audit Trail TC-FE-027: status badge text \"Unposted\"/\"Posted\" visible to screen readers (not aria-hidden); zero axe violations","status":"passed","title":"TC-FE-027: status badge text \"Unposted\"/\"Posted\" visible to screen readers (not aria-hidden); zero axe violations","duration":0.05670000000100117,"failureMessages":[],"meta":{}},{"ancestorTitles":["RC-007 Record Navigation"],"fullName":"RC-007 Record Navigation TC-FE-028: isFirst=true -> First+Previous disabled; isLast=true -> Next+Last disabled","status":"passed","title":"TC-FE-028: isFirst=true -> First+Previous disabled; isLast=true -> Next+Last disabled","duration":0.06129999999939173,"failureMessages":[],"meta":{}},{"ancestorTitles":["RC-007 Record Navigation"],"fullName":"RC-007 Record Navigation TC-FE-029: click Next -> GET next JE -> form updates with new journalNumber; no page reload","status":"passed","title":"TC-FE-029: click Next -> GET next JE -> form updates with new journalNumber; no page reload","duration":0.060800000001108856,"failureMessages":[],"meta":{}},{"ancestorTitles":["RC-007 Record Navigation"],"fullName":"RC-007 Record Navigation TC-FE-030: all 4 navigation buttons have descriptive aria-label; zero axe violations","status":"passed","title":"TC-FE-030: all 4 navigation buttons have descriptive aria-label; zero axe violations","duration":0.05529999999998836,"failureMessages":[],"meta":{}},{"ancestorTitles":["RC-008 Company and Entity Context Selection"],"fullName":"RC-008 Company and Entity Context Selection TC-FE-031: each option displays exactly \"{companyId} - {companyName}\" format","status":"passed","title":"TC-FE-031: each option displays exactly \"{companyId} - {companyName}\" format","duration":0.06480000000010477,"failureMessages":[],"meta":{}},{"ancestorTitles":["RC-008 Company and Entity Context Selection"],"fullName":"RC-008 Company and Entity Context Selection TC-FE-032: disabled=true -> select is disabled; disabled=false -> onChange fires on selection","status":"passed","title":"TC-FE-032: disabled=true -> select is disabled; disabled=false -> onChange fires on selection","duration":0.056599999999889405,"failureMessages":[],"meta":{}},{"ancestorTitles":["RC-008 Company and Entity Context Selection"],"fullName":"RC-008 Company and Entity Context Selection TC-FE-033: company list populates within 500ms of form load (MSW 400ms delay)","status":"passed","title":"TC-FE-033: company list populates within 500ms of form load (MSW 400ms delay)","duration":0.05500000000029104,"failureMessages":[],"meta":{}},{"ancestorTitles":["RC-008 Company and Entity Context Selection"],"fullName":"RC-008 Company and Entity Context Selection TC-FE-034: select labeled \"Company ID\"; keyboard accessible; zero axe violations","status":"passed","title":"TC-FE-034: select labeled \"Company ID\"; keyboard accessible; zero axe violations","duration":0.053600000001097214,"failureMessages":[],"meta":{}}],"startTime":1779597267116,"endTime":1779597267125.0647,"status":"passed","message":"","name":"C:/DIPANKAR/WORK/00-Projects/00-Fiserv/00-Architecture/09-pocs/00-poc-4-prologue-client/app/frontend/src/test/t009.spec.ts"}]}