{"numTotalTestSuites":23,"numPassedTestSuites":23,"numFailedTestSuites":0,"numPendingTestSuites":0,"numTotalTests":49,"numPassedTests":49,"numFailedTests":0,"numPendingTests":0,"numTodoTests":0,"snapshot":{"added":0,"failure":false,"filesAdded":0,"filesRemoved":0,"filesRemovedList":[],"filesUnmatched":0,"filesUpdated":0,"matched":0,"total":0,"unchecked":0,"uncheckedKeysByFile":[],"unmatched":0,"updated":0,"didUpdate":false},"startTime":1779597557681,"success":true,"testResults":[{"assertionResults":[{"ancestorTitles":["GET /api-docs"],"fullName":"GET /api-docs returns 200 HTML","status":"passed","title":"returns 200 HTML","duration":55.89769999999953,"failureMessages":[],"meta":{}},{"ancestorTitles":["GET /api-docs"],"fullName":"GET /api-docs GET /api-docs.json returns non-empty endpoints","status":"passed","title":"GET /api-docs.json returns non-empty endpoints","duration":10.275399999999536,"failureMessages":[],"meta":{}}],"startTime":1779597564844,"endTime":1779597564910.2754,"status":"passed","message":"","name":"C:/DIPANKAR/WORK/00-Projects/00-Fiserv/00-Architecture/09-pocs/00-poc-4-prologue-client/app/backend/src/test/api-docs.spec.ts"},{"assertionResults":[{"ancestorTitles":["public endpoints"],"fullName":"public endpoints GET /healthz returns 200 ok","status":"passed","title":"GET /healthz returns 200 ok","duration":23.349599999999555,"failureMessages":[],"meta":{}},{"ancestorTitles":["public endpoints"],"fullName":"public endpoints GET /readyz returns 200 ready","status":"passed","title":"GET /readyz returns 200 ready","duration":5.076799999999821,"failureMessages":[],"meta":{}},{"ancestorTitles":["public endpoints"],"fullName":"public endpoints GET /metrics returns prometheus output","status":"passed","title":"GET /metrics returns prometheus output","duration":13.503899999999703,"failureMessages":[],"meta":{}}],"startTime":1779597564840,"endTime":1779597564882.504,"status":"passed","message":"","name":"C:/DIPANKAR/WORK/00-Projects/00-Fiserv/00-Architecture/09-pocs/00-poc-4-prologue-client/app/backend/src/test/health.spec.ts"},{"assertionResults":[{"ancestorTitles":["protected routes via AUTH_DEV_BYPASS"],"fullName":"protected routes via AUTH_DEV_BYPASS GET /navigation/menu without Authorization -> 401","status":"passed","title":"GET /navigation/menu without Authorization -> 401","duration":26.681800000000294,"failureMessages":[],"meta":{}},{"ancestorTitles":["protected routes via AUTH_DEV_BYPASS"],"fullName":"protected routes via AUTH_DEV_BYPASS GET /navigation/menu with bearer token -> 200 + items","status":"passed","title":"GET /navigation/menu with bearer token -> 200 + items","duration":9.260699999999815,"failureMessages":[],"meta":{}},{"ancestorTitles":["protected routes via AUTH_DEV_BYPASS"],"fullName":"protected routes via AUTH_DEV_BYPASS GET /journal-entries/1 with bearer -> 200 + header + lines + totals","status":"passed","title":"GET /journal-entries/1 with bearer -> 200 + header + lines + totals","duration":6.222700000000259,"failureMessages":[],"meta":{}},{"ancestorTitles":["protected routes via AUTH_DEV_BYPASS"],"fullName":"protected routes via AUTH_DEV_BYPASS GET /reference/companies -> 200 + companies with displayLabel","status":"passed","title":"GET /reference/companies -> 200 + companies with displayLabel","duration":16.077499999999418,"failureMessages":[],"meta":{}}],"startTime":1779597564840,"endTime":1779597564899.0774,"status":"passed","message":"","name":"C:/DIPANKAR/WORK/00-Projects/00-Fiserv/00-Architecture/09-pocs/00-poc-4-prologue-client/app/backend/src/test/protected.spec.ts"},{"assertionResults":[{"ancestorTitles":["ED-001 GET /navigation/menu"],"fullName":"ED-001 GET /navigation/menu TC-BFF-001: 200 with NavItem array including all required fields","status":"passed","title":"TC-BFF-001: 200 with NavItem array including all required fields","duration":33.08899999999994,"failureMessages":[],"meta":{}},{"ancestorTitles":["ED-001 GET /navigation/menu"],"fullName":"ED-001 GET /navigation/menu TC-BFF-002: 401 without auth token","status":"passed","title":"TC-BFF-002: 401 without auth token","duration":7.58389999999963,"failureMessages":[],"meta":{}},{"ancestorTitles":["ED-001 GET /navigation/menu"],"fullName":"ED-001 GET /navigation/menu TC-BFF-003: Pact contract — NavItem shape matches FE consumer contract","status":"passed","title":"TC-BFF-003: Pact contract — NavItem shape matches FE consumer contract","duration":0.3528999999998632,"failureMessages":[],"meta":{}},{"ancestorTitles":["ED-002 GET /journal-entries/:journalId"],"fullName":"ED-002 GET /journal-entries/:journalId TC-BFF-004: 200 returns all 16 header fields + lines + totals","status":"passed","title":"TC-BFF-004: 200 returns all 16 header fields + lines + totals","duration":8.021300000000338,"failureMessages":[],"meta":{}},{"ancestorTitles":["ED-002 GET /journal-entries/:journalId"],"fullName":"ED-002 GET /journal-entries/:journalId TC-BFF-005: 404 when journalId not found","status":"passed","title":"TC-BFF-005: 404 when journalId not found","duration":7.758200000000215,"failureMessages":[],"meta":{}},{"ancestorTitles":["ED-002 GET /journal-entries/:journalId"],"fullName":"ED-002 GET /journal-entries/:journalId TC-BFF-006: 400 on non-integer journalId (fuzz)","status":"passed","title":"TC-BFF-006: 400 on non-integer journalId (fuzz)","duration":8.903900000000249,"failureMessages":[],"meta":{}},{"ancestorTitles":["ED-002 GET /journal-entries/:journalId"],"fullName":"ED-002 GET /journal-entries/:journalId TC-BFF-007: Pact contract — JE header shape matches FE consumer contract","status":"passed","title":"TC-BFF-007: Pact contract — JE header shape matches FE consumer contract","duration":0.20949999999993452,"failureMessages":[],"meta":{}},{"ancestorTitles":["ED-003 POST /journal-entries"],"fullName":"ED-003 POST /journal-entries TC-BFF-008: 201 created with journalId, journalNumber, status=Unposted, editDateTime, editUserId","status":"passed","title":"TC-BFF-008: 201 created with journalId, journalNumber, status=Unposted, editDateTime, editUserId","duration":14.716699999999946,"failureMessages":[],"meta":{}},{"ancestorTitles":["ED-003 POST /journal-entries"],"fullName":"ED-003 POST /journal-entries TC-BFF-009: 400 on missing required fields (companyId)","status":"passed","title":"TC-BFF-009: 400 on missing required fields (companyId)","duration":5.899499999999534,"failureMessages":[],"meta":{}},{"ancestorTitles":["ED-003 POST /journal-entries"],"fullName":"ED-003 POST /journal-entries TC-BFF-010: 400 when description > 500 chars (fuzz — boundary enforcement)","status":"passed","title":"TC-BFF-010: 400 when description > 500 chars (fuzz — boundary enforcement)","duration":6.683199999999488,"failureMessages":[],"meta":{}},{"ancestorTitles":["ED-003 PUT /journal-entries/:journalId"],"fullName":"ED-003 PUT /journal-entries/:journalId TC-BFF-011: 200 updates mutable fields; returns updated editDateTime","status":"passed","title":"TC-BFF-011: 200 updates mutable fields; returns updated editDateTime","duration":5.230399999999463,"failureMessages":[],"meta":{}},{"ancestorTitles":["ED-003 PUT /journal-entries/:journalId"],"fullName":"ED-003 PUT /journal-entries/:journalId TC-BFF-012: 403 on Posted entry (cannot edit)","status":"passed","title":"TC-BFF-012: 403 on Posted entry (cannot edit)","duration":3.931300000000192,"failureMessages":[],"meta":{}},{"ancestorTitles":["ED-003 PUT /journal-entries/:journalId"],"fullName":"ED-003 PUT /journal-entries/:journalId TC-BFF-013: companyId in PUT body does not change company (locked field)","status":"passed","title":"TC-BFF-013: companyId in PUT body does not change company (locked field)","duration":8.303599999999278,"failureMessages":[],"meta":{}},{"ancestorTitles":["ED-003 GET /reference/companies"],"fullName":"ED-003 GET /reference/companies TC-BFF-014: 200 returns company array with companyId, companyName, displayLabel","status":"passed","title":"TC-BFF-014: 200 returns company array with companyId, companyName, displayLabel","duration":12.091199999999844,"failureMessages":[],"meta":{}},{"ancestorTitles":["ED-003 GET /reference/journal-entry-types"],"fullName":"ED-003 GET /reference/journal-entry-types TC-BFF-015: 200 returns types array with typeCode and typeLabel","status":"passed","title":"TC-BFF-015: 200 returns types array with typeCode and typeLabel","duration":4.314499999999498,"failureMessages":[],"meta":{}},{"ancestorTitles":["ED-004 POST /journal-entries/:journalId/lines"],"fullName":"ED-004 POST /journal-entries/:journalId/lines TC-BFF-016: 201 creates line with server-assigned lineId, lineNumber, accountDescription","status":"passed","title":"TC-BFF-016: 201 creates line with server-assigned lineId, lineNumber, accountDescription","duration":3.9849999999996726,"failureMessages":[],"meta":{}},{"ancestorTitles":["ED-004 POST /journal-entries/:journalId/lines"],"fullName":"ED-004 POST /journal-entries/:journalId/lines TC-BFF-017: 400 when both debitAmount and creditAmount > 0 (mutual exclusion)","status":"passed","title":"TC-BFF-017: 400 when both debitAmount and creditAmount > 0 (mutual exclusion)","duration":3.1154999999998836,"failureMessages":[],"meta":{}},{"ancestorTitles":["ED-004 POST /journal-entries/:journalId/lines"],"fullName":"ED-004 POST /journal-entries/:journalId/lines TC-BFF-022: sequential lineNumbers assigned (1, 2) across multiple POST /lines calls","status":"passed","title":"TC-BFF-022: sequential lineNumbers assigned (1, 2) across multiple POST /lines calls","duration":7.304500000000189,"failureMessages":[],"meta":{}},{"ancestorTitles":["ED-004 POST /journal-entries/:journalId/lines"],"fullName":"ED-004 POST /journal-entries/:journalId/lines TC-BFF-035: 403 when adding line to a Posted JE","status":"passed","title":"TC-BFF-035: 403 when adding line to a Posted JE","duration":3.0812000000005355,"failureMessages":[],"meta":{}},{"ancestorTitles":["ED-004 PUT /journal-entries/:journalId/lines/:lineId"],"fullName":"ED-004 PUT /journal-entries/:journalId/lines/:lineId TC-BFF-018: 200 updates line; debitAmount reflected in response","status":"passed","title":"TC-BFF-018: 200 updates line; debitAmount reflected in response","duration":3.113499999999476,"failureMessages":[],"meta":{}},{"ancestorTitles":["ED-004 DELETE /journal-entries/:journalId/lines/:lineId"],"fullName":"ED-004 DELETE /journal-entries/:journalId/lines/:lineId TC-BFF-019: 204 No Content; line removed from JE","status":"passed","title":"TC-BFF-019: 204 No Content; line removed from JE","duration":2.570199999999204,"failureMessages":[],"meta":{}},{"ancestorTitles":["ED-004 GET /accounts/:accountCode"],"fullName":"ED-004 GET /accounts/:accountCode TC-BFF-020: 200 with account details for valid code; 404 for unknown code","status":"passed","title":"TC-BFF-020: 200 with account details for valid code; 404 for unknown code","duration":6.199899999999616,"failureMessages":[],"meta":{}},{"ancestorTitles":["ED-004 GET /accounts/:accountCode"],"fullName":"ED-004 GET /accounts/:accountCode TC-BFF-021: 400 on invalid account code format (fuzz)","status":"passed","title":"TC-BFF-021: 400 on invalid account code format (fuzz)","duration":4.216899999999441,"failureMessages":[],"meta":{}},{"ancestorTitles":["ED-005 Balance in Mutation Responses"],"fullName":"ED-005 Balance in Mutation Responses TC-BFF-023: POST /lines response (or subsequent GET) includes updated totals","status":"passed","title":"TC-BFF-023: POST /lines response (or subsequent GET) includes updated totals","duration":5.5615999999999985,"failureMessages":[],"meta":{}},{"ancestorTitles":["ED-005 Balance in Mutation Responses"],"fullName":"ED-005 Balance in Mutation Responses TC-BFF-024: DELETE /lines causes totalDebits to decrease; balanced flag recalculated","status":"passed","title":"TC-BFF-024: DELETE /lines causes totalDebits to decrease; balanced flag recalculated","duration":4.689100000000508,"failureMessages":[],"meta":{}},{"ancestorTitles":["ED-006 POST /journal-entries/:journalId/post"],"fullName":"ED-006 POST /journal-entries/:journalId/post TC-BFF-025: 200 on balanced JE; status becomes Posted; postedDateTime + posterUserId populated","status":"passed","title":"TC-BFF-025: 200 on balanced JE; status becomes Posted; postedDateTime + posterUserId populated","duration":4.041299999999865,"failureMessages":[],"meta":{}},{"ancestorTitles":["ED-006 POST /journal-entries/:journalId/post"],"fullName":"ED-006 POST /journal-entries/:journalId/post TC-BFF-026: 400 on unbalanced JE","status":"passed","title":"TC-BFF-026: 400 on unbalanced JE","duration":2.9673000000002503,"failureMessages":[],"meta":{}},{"ancestorTitles":["ED-006 POST /journal-entries/:journalId/post"],"fullName":"ED-006 POST /journal-entries/:journalId/post TC-BFF-027: 409 on already-Posted JE","status":"passed","title":"TC-BFF-027: 409 on already-Posted JE","duration":3.1383999999998196,"failureMessages":[],"meta":{}},{"ancestorTitles":["ED-006 POST /journal-entries/:journalId/post"],"fullName":"ED-006 POST /journal-entries/:journalId/post TC-BFF-028: audit fields in request body are ignored; server values used (fuzz)","status":"passed","title":"TC-BFF-028: audit fields in request body are ignored; server values used (fuzz)","duration":2.5958999999993466,"failureMessages":[],"meta":{}},{"ancestorTitles":["ED-007 GET /journal-entries/:journalId/navigation"],"fullName":"ED-007 GET /journal-entries/:journalId/navigation TC-BFF-029: 200 with all 8 navigation fields for middle record","status":"passed","title":"TC-BFF-029: 200 with all 8 navigation fields for middle record","duration":4.669100000000071,"failureMessages":[],"meta":{}},{"ancestorTitles":["ED-007 GET /journal-entries/:journalId/navigation"],"fullName":"ED-007 GET /journal-entries/:journalId/navigation TC-BFF-030: isFirst=true + previousJournalId=null at first record; isLast=true + nextJournalId=null at last","status":"passed","title":"TC-BFF-030: isFirst=true + previousJournalId=null at first record; isLast=true + nextJournalId=null at last","duration":5.493199999999888,"failureMessages":[],"meta":{}},{"ancestorTitles":["ED-007 GET /journal-entries/:journalId/navigation"],"fullName":"ED-007 GET /journal-entries/:journalId/navigation TC-BFF-031: 404 on unknown journalId","status":"passed","title":"TC-BFF-031: 404 on unknown journalId","duration":2.7002000000002226,"failureMessages":[],"meta":{}},{"ancestorTitles":["ED-007 GET /journal-entries/:journalId/navigation"],"fullName":"ED-007 GET /journal-entries/:journalId/navigation TC-BFF-032: sortField and sortOrder query params accepted; invalid sortField → 400","status":"passed","title":"TC-BFF-032: sortField and sortOrder query params accepted; invalid sortField → 400","duration":6.555000000000291,"failureMessages":[],"meta":{}},{"ancestorTitles":["ED-008 GET /reference/companies (Company Shape)"],"fullName":"ED-008 GET /reference/companies (Company Shape) TC-BFF-033: 200; companies array; displayLabel = \"{companyId} - {companyName}\"","status":"passed","title":"TC-BFF-033: 200; companies array; displayLabel = \"{companyId} - {companyName}\"","duration":3.23070000000007,"failureMessages":[],"meta":{}},{"ancestorTitles":["ED-008 GET /reference/companies (Company Shape)"],"fullName":"ED-008 GET /reference/companies (Company Shape) TC-BFF-034: Pact contract — company shape matches FE CompanyIdSelect consumer contract","status":"passed","title":"TC-BFF-034: Pact contract — company shape matches FE CompanyIdSelect consumer contract","duration":0.11419999999998254,"failureMessages":[],"meta":{}}],"startTime":1779597564845,"endTime":1779597565053.2307,"status":"passed","message":"","name":"C:/DIPANKAR/WORK/00-Projects/00-Fiserv/00-Architecture/09-pocs/00-poc-4-prologue-client/app/backend/src/test/t010.spec.ts"},{"assertionResults":[{"ancestorTitles":["validation failures"],"fullName":"validation failures POST /journal-entries missing companyId -> 400 + field","status":"passed","title":"POST /journal-entries missing companyId -> 400 + field","duration":36.67039999999997,"failureMessages":[],"meta":{}},{"ancestorTitles":["validation failures"],"fullName":"validation failures POST /journal-entries description > 500 chars -> 400","status":"passed","title":"POST /journal-entries description > 500 chars -> 400","duration":10.777399999999943,"failureMessages":[],"meta":{}},{"ancestorTitles":["validation failures"],"fullName":"validation failures POST /journal-entries/1/lines with both debit + credit > 0 -> 400","status":"passed","title":"POST /journal-entries/1/lines with both debit + credit > 0 -> 400","duration":7.041400000000067,"failureMessages":[],"meta":{}},{"ancestorTitles":["validation failures"],"fullName":"validation failures GET /accounts/INVALID -> 400 with field=accountCode","status":"passed","title":"GET /accounts/INVALID -> 400 with field=accountCode","duration":4.908099999999649,"failureMessages":[],"meta":{}},{"ancestorTitles":["validation failures"],"fullName":"validation failures GET /journal-entries/99999 -> 404","status":"passed","title":"GET /journal-entries/99999 -> 404","duration":9.051800000000185,"failureMessages":[],"meta":{}}],"startTime":1779597564840,"endTime":1779597564909.0518,"status":"passed","message":"","name":"C:/DIPANKAR/WORK/00-Projects/00-Fiserv/00-Architecture/09-pocs/00-poc-4-prologue-client/app/backend/src/test/validation.spec.ts"}]}